2025-10-22 13:38:34,895 DEBUG    root            Loaded Command Group: ['gcloud', 'components']
2025-10-22 13:38:34,928 DEBUG    root            Loaded Command Group: ['gcloud', 'components', 'update']
2025-10-22 13:38:34,930 DEBUG    root            Running [gcloud.components.update] with arguments: [--quiet: "True", COMPONENT-IDS:8: "['gcloud', 'core', 'bq', 'gsutil', 'compute', 'preview', 'alpha', 'beta']"]
2025-10-22 13:38:34,931 INFO     ___FILE_ONLY___ Beginning update. This process may take several minutes.

2025-10-22 13:38:34,939 DEBUG    urllib3.connectionpool Starting new HTTPS connection (1): dl.google.com:443
2025-10-22 13:38:35,977 DEBUG    urllib3.connectionpool https://dl.google.com:443 "GET /dl/cloudsdk/channels/rapid/components-2.json HTTP/1.1" 200 233157
2025-10-22 13:38:36,466 WARNING  root            Component [compute] no longer exists.
2025-10-22 13:38:36,467 INFO     ___FILE_ONLY___ 

2025-10-22 13:38:36,467 INFO     ___FILE_ONLY___ 
Your current Google Cloud CLI version is: 544.0.0

2025-10-22 13:38:36,467 INFO     ___FILE_ONLY___ Installing components from version: 544.0.0

2025-10-22 13:38:36,467 INFO     ___FILE_ONLY___ 

2025-10-22 13:38:36,468 DEBUG    root            Chosen display Format:table[box,title="These components will be removed."](details.display_name:label=Name:align=left,version.version_string:label=Version:align=right,data.size.size(zero="",min=1048576):label=Size:align=right)
2025-10-22 13:38:36,468 DEBUG    root            Chosen display Format:table[box,title="These components will be updated."](details.display_name:label=Name:align=left,version.version_string:label=Version:align=right,data.size.size(zero="",min=1048576):label=Size:align=right)
2025-10-22 13:38:36,469 DEBUG    root            Chosen display Format:table[box,title="These components will be installed."](details.display_name:label=Name:align=left,version.version_string:label=Version:align=right,data.size.size(zero="",min=1048576):label=Size:align=right)
2025-10-22 13:38:36,485 INFO     ___FILE_ONLY___ ┌────────────────────────────────────────────────┐
2025-10-22 13:38:36,485 INFO     ___FILE_ONLY___ 

2025-10-22 13:38:36,485 INFO     ___FILE_ONLY___ │      These components will be installed.       │
2025-10-22 13:38:36,485 INFO     ___FILE_ONLY___ 

2025-10-22 13:38:36,485 INFO     ___FILE_ONLY___ ├─────────────────────────┬────────────┬─────────┤
2025-10-22 13:38:36,485 INFO     ___FILE_ONLY___ 

2025-10-22 13:38:36,485 INFO     ___FILE_ONLY___ │           Name          │  Version   │   Size  │
2025-10-22 13:38:36,485 INFO     ___FILE_ONLY___ 

2025-10-22 13:38:36,486 INFO     ___FILE_ONLY___ ├─────────────────────────┼────────────┼─────────┤
2025-10-22 13:38:36,486 INFO     ___FILE_ONLY___ 

2025-10-22 13:38:36,486 INFO     ___FILE_ONLY___ │ 
2025-10-22 13:38:36,486 INFO     ___FILE_ONLY___ gcloud Alpha Commands  
2025-10-22 13:38:36,486 INFO     ___FILE_ONLY___  
2025-10-22 13:38:36,486 INFO     ___FILE_ONLY___ │ 
2025-10-22 13:38:36,486 INFO     ___FILE_ONLY___ 2025.10.17
2025-10-22 13:38:36,486 INFO     ___FILE_ONLY___  
2025-10-22 13:38:36,486 INFO     ___FILE_ONLY___ │ 
2025-10-22 13:38:36,486 INFO     ___FILE_ONLY___ < 1 MiB
2025-10-22 13:38:36,486 INFO     ___FILE_ONLY___  
2025-10-22 13:38:36,486 INFO     ___FILE_ONLY___ │
2025-10-22 13:38:36,486 INFO     ___FILE_ONLY___ 

2025-10-22 13:38:36,486 INFO     ___FILE_ONLY___ │ 
2025-10-22 13:38:36,486 INFO     ___FILE_ONLY___ gcloud Beta Commands   
2025-10-22 13:38:36,486 INFO     ___FILE_ONLY___  
2025-10-22 13:38:36,486 INFO     ___FILE_ONLY___ │ 
2025-10-22 13:38:36,486 INFO     ___FILE_ONLY___ 2025.10.17
2025-10-22 13:38:36,486 INFO     ___FILE_ONLY___  
2025-10-22 13:38:36,487 INFO     ___FILE_ONLY___ │ 
2025-10-22 13:38:36,487 INFO     ___FILE_ONLY___ < 1 MiB
2025-10-22 13:38:36,487 INFO     ___FILE_ONLY___  
2025-10-22 13:38:36,487 INFO     ___FILE_ONLY___ │
2025-10-22 13:38:36,487 INFO     ___FILE_ONLY___ 

2025-10-22 13:38:36,487 INFO     ___FILE_ONLY___ │ 
2025-10-22 13:38:36,487 INFO     ___FILE_ONLY___ gcloud Preview Commands
2025-10-22 13:38:36,487 INFO     ___FILE_ONLY___  
2025-10-22 13:38:36,487 INFO     ___FILE_ONLY___ │ 
2025-10-22 13:38:36,487 INFO     ___FILE_ONLY___           
2025-10-22 13:38:36,487 INFO     ___FILE_ONLY___  
2025-10-22 13:38:36,487 INFO     ___FILE_ONLY___ │ 
2025-10-22 13:38:36,487 INFO     ___FILE_ONLY___ < 1 MiB
2025-10-22 13:38:36,487 INFO     ___FILE_ONLY___  
2025-10-22 13:38:36,487 INFO     ___FILE_ONLY___ │
2025-10-22 13:38:36,487 INFO     ___FILE_ONLY___ 

2025-10-22 13:38:36,487 INFO     ___FILE_ONLY___ └─────────────────────────┴────────────┴─────────┘
2025-10-22 13:38:36,487 INFO     ___FILE_ONLY___ 

2025-10-22 13:38:36,487 INFO     ___FILE_ONLY___ 

2025-10-22 13:38:36,490 DEBUG    urllib3.connectionpool Starting new HTTPS connection (1): dl.google.com:443
2025-10-22 13:38:36,674 DEBUG    urllib3.connectionpool https://dl.google.com:443 "GET /dl/cloudsdk/channels/rapid/RELEASE_NOTES HTTP/1.1" 200 1506053
2025-10-22 13:38:38,158 INFO     ___FILE_ONLY___ For the latest full release notes, please visit:
  https://cloud.google.com/sdk/release_notes


2025-10-22 13:38:38,158 INFO     ___FILE_ONLY___ Performing in place update...


2025-10-22 13:38:38,160 INFO     ___FILE_ONLY___ ╔════════════════════════════════════════════════════════════╗

2025-10-22 13:38:38,161 INFO     ___FILE_ONLY___ ╠═ Downloading: gcloud Alpha Commands                       ═╣

2025-10-22 13:38:38,161 INFO     ___FILE_ONLY___ ╚
2025-10-22 13:38:38,163 DEBUG    urllib3.connectionpool Starting new HTTPS connection (1): dl.google.com:443
2025-10-22 13:38:38,346 DEBUG    urllib3.connectionpool https://dl.google.com:443 "GET /dl/cloudsdk/channels/rapid/components/google-cloud-sdk-alpha-20251017124533.tar.gz HTTP/1.1" 200 800
2025-10-22 13:38:38,347 INFO     ___FILE_ONLY___ ════════════════════════════════════════════════════════════
2025-10-22 13:38:38,347 INFO     ___FILE_ONLY___ ╝

2025-10-22 13:38:38,349 INFO     ___FILE_ONLY___ ╔════════════════════════════════════════════════════════════╗

2025-10-22 13:38:38,349 INFO     ___FILE_ONLY___ ╠═ Downloading: gcloud Beta Commands                        ═╣

2025-10-22 13:38:38,349 INFO     ___FILE_ONLY___ ╚
2025-10-22 13:38:38,351 DEBUG    urllib3.connectionpool Starting new HTTPS connection (1): dl.google.com:443
2025-10-22 13:38:39,380 DEBUG    urllib3.connectionpool https://dl.google.com:443 "GET /dl/cloudsdk/channels/rapid/components/google-cloud-sdk-beta-20251017124533.tar.gz HTTP/1.1" 200 797
2025-10-22 13:38:39,380 INFO     ___FILE_ONLY___ ════════════════════════════════════════════════════════════
2025-10-22 13:38:39,380 INFO     ___FILE_ONLY___ ╝

2025-10-22 13:38:39,382 INFO     ___FILE_ONLY___ ╔════════════════════════════════════════════════════════════╗

2025-10-22 13:38:39,383 INFO     ___FILE_ONLY___ ╠═ Downloading: gcloud Preview Commands                     ═╣

2025-10-22 13:38:39,383 INFO     ___FILE_ONLY___ ╚
2025-10-22 13:38:39,385 DEBUG    urllib3.connectionpool Starting new HTTPS connection (1): dl.google.com:443
2025-10-22 13:38:39,614 DEBUG    urllib3.connectionpool https://dl.google.com:443 "GET /dl/cloudsdk/channels/rapid/components/google-cloud-sdk-preview-20241115154308.tar.gz HTTP/1.1" 200 823
2025-10-22 13:38:39,615 INFO     ___FILE_ONLY___ ════════════════════════════════════════════════════════════
2025-10-22 13:38:39,615 INFO     ___FILE_ONLY___ ╝

2025-10-22 13:38:39,617 INFO     ___FILE_ONLY___ ╔════════════════════════════════════════════════════════════╗

2025-10-22 13:38:39,617 INFO     ___FILE_ONLY___ ╠═ Installing: gcloud Alpha Commands                        ═╣

2025-10-22 13:38:39,617 INFO     ___FILE_ONLY___ ╚
2025-10-22 13:38:39,618 INFO     ___FILE_ONLY___ ════════════════════════════════════════════════════════════
2025-10-22 13:38:39,618 INFO     ___FILE_ONLY___ ╝

2025-10-22 13:38:39,623 INFO     ___FILE_ONLY___ ╔════════════════════════════════════════════════════════════╗

2025-10-22 13:38:39,624 INFO     ___FILE_ONLY___ ╠═ Installing: gcloud Beta Commands                         ═╣

2025-10-22 13:38:39,624 INFO     ___FILE_ONLY___ ╚
2025-10-22 13:38:39,624 INFO     ___FILE_ONLY___ ════════════════════════════════════════════════════════════
2025-10-22 13:38:39,624 INFO     ___FILE_ONLY___ ╝

2025-10-22 13:38:39,630 INFO     ___FILE_ONLY___ ╔════════════════════════════════════════════════════════════╗

2025-10-22 13:38:39,630 INFO     ___FILE_ONLY___ ╠═ Installing: gcloud Preview Commands                      ═╣

2025-10-22 13:38:39,630 INFO     ___FILE_ONLY___ ╚
2025-10-22 13:38:39,631 INFO     ___FILE_ONLY___ ════════════════════════════════════════════════════════════
2025-10-22 13:38:39,631 INFO     ___FILE_ONLY___ ╝

2025-10-22 13:38:39,635 DEBUG    root            Updating notification cache...
2025-10-22 13:38:39,636 INFO     ___FILE_ONLY___ 

2025-10-22 13:38:39,638 INFO     ___FILE_ONLY___ Performing post processing steps...
2025-10-22 13:38:39,638 DEBUG    root            Executing command: ['/tools/google-cloud-sdk/bin/gcloud', 'components', 'post-process']
2025-10-22 13:38:48,068 DEBUG    ___FILE_ONLY___ 
2025-10-22 13:38:48,068 DEBUG    ___FILE_ONLY___ 
2025-10-22 13:38:48,161 INFO     root            descriptor_list: [{'universeDomain': 'googleapis.com', 'universeShortName': '', 'authenticationDomain': 'auth.cloud.google.com', 'projectPrefix': '', 'cloudWebDomain': 'cloud.google.com', 'documentationDomain': 'cloud.google.com', 'version': '1.0.0', 'state': 'primary', 'artifactRegistryDomain': 'pkg.dev'}]
2025-10-22 13:38:48,162 INFO     ___FILE_ONLY___ 
Update done!


2025-10-22 13:38:48,164 DEBUG    root            Chosen display Format:none
2025-10-22 13:38:48,164 INFO     root            Display format: "none"
